<?xml version="1.0" encoding="UTF-8"?>
<!-- Generated by org.testng.reporters.JUnitXMLReporter -->
<testsuite hostname="DESKTOP-ON5DV80" ignored="1" name="Default test" tests="1" failures="0" timestamp="26 Jul 2018 01:09:56 GMT" time="1.768" errors="0">
  <testcase name="logintest" time="0.72" classname="com.wdhybridFW.TestCases.TC_LoginTest_001"/>
  <testcase name="@BeforeSuite setup" time="0.0" classname="com.wdhybridFW.TestCases.BaseClass">
    <ignored/>
  </testcase> <!-- @BeforeSuite setup -->
</testsuite> <!-- Default test -->
